[rerank] Loading embeddings...
[rerank] emb-a: (134697, 512)
[rerank] emb-b: (134697, 192)
[rerank] blended: (134697, 704) (alpha=0.6)
[rerank] k1=50, k2=6, lambda=0.1
[reranking] FAISS top-101 search for 134697 queries...
Traceback (most recent call last):
  File "/home/s0ft44/projects/ASR/scripts/run_rerank.py", line 95, in <module>
    main()
  File "/home/s0ft44/projects/ASR/scripts/run_rerank.py", line 80, in main
    neighbors = rerank_and_retrieve(
                ^^^^^^^^^^^^^^^^^^^^
  File "/home/s0ft44/projects/ASR/src/retrieval/reranking.py", line 57, in rerank_and_retrieve
    topk_indices = _get_topk_faiss(embeddings, search_k)   # [N, search_k]
                   ^^^^^^^^^^^^^^^^^^^^^^^^^^^^^^^^^^^^^
  File "/home/s0ft44/projects/ASR/src/retrieval/reranking.py", line 18, in _get_topk_faiss
    index = faiss.GpuIndexFlatIP(res, D)
            ^^^^^^^^^^^^^^^^^^^^^^^^^^^^
  File "/home/s0ft44/projects/ASR/.venv/lib/python3.12/site-packages/faiss/swigfaiss.py", line 14278, in __init__
    _swigfaiss.GpuIndexFlatIP_swiginit(self, _swigfaiss.new_GpuIndexFlatIP(*args))
                                             ^^^^^^^^^^^^^^^^^^^^^^^^^^^^^^^^^^^^
RuntimeError: Error in virtual void* faiss::gpu::StandardGpuResourcesImpl::allocMemory(const faiss::gpu::AllocRequest&) at /project/faiss/faiss/gpu/StandardGpuResources.cpp:577: Error: 'err == cudaSuccess' failed: StandardGpuResources: alloc fail type TemporaryMemoryBuffer dev 0 space Device stream 0x1bef8c90 size 1610612736 bytes (cudaMalloc error out of memory [2])

