/home/s0ft44/projects/ASR/scripts/run_ecapa2.py:34: UserWarning: Module 'speechbrain.pretrained' was deprecated, redirecting to 'speechbrain.inference'. Please update your script. This is a change from SpeechBrain 1.0. See: https://github.com/speechbrain/speechbrain/releases/tag/v1.0.0
  from speechbrain.pretrained import EncoderClassifier
Warning: You are sending unauthenticated requests to the HF Hub. Please set a HF_TOKEN to enable higher rate limits and faster downloads.
[run_ecapa2] Loading ECAPA2 model...
Traceback (most recent call last):
  File "/home/s0ft44/projects/ASR/.venv/lib/python3.12/site-packages/huggingface_hub/utils/_http.py", line 761, in hf_raise_for_status
    response.raise_for_status()
  File "/home/s0ft44/projects/ASR/.venv/lib/python3.12/site-packages/httpx/_models.py", line 829, in raise_for_status
    raise HTTPStatusError(message, request=request, response=self)
httpx.HTTPStatusError: Client error '404 Not Found' for url 'https://huggingface.co/Jenthe/ECAPA2/resolve/main/hyperparams.yaml'
For more information check: https://developer.mozilla.org/en-US/docs/Web/HTTP/Status/404

The above exception was the direct cause of the following exception:

Traceback (most recent call last):
  File "/home/s0ft44/projects/ASR/scripts/run_ecapa2.py", line 109, in <module>
    main()
  File "/home/s0ft44/projects/ASR/scripts/run_ecapa2.py", line 69, in main
    model = ECAPA2Embedder(device=device)
            ^^^^^^^^^^^^^^^^^^^^^^^^^^^^^
  File "/home/s0ft44/projects/ASR/scripts/run_ecapa2.py", line 35, in __init__
    self.model = EncoderClassifier.from_hparams(
                 ^^^^^^^^^^^^^^^^^^^^^^^^^^^^^^^
  File "/home/s0ft44/projects/ASR/.venv/lib/python3.12/site-packages/speechbrain/inference/interfaces.py", line 487, in from_hparams
    return pretrained_from_hparams(
           ^^^^^^^^^^^^^^^^^^^^^^^^
  File "/home/s0ft44/projects/ASR/.venv/lib/python3.12/site-packages/speechbrain/inference/interfaces.py", line 183, in pretrained_from_hparams
    hparams_local_path = fetch(
                         ^^^^^^
  File "/home/s0ft44/projects/ASR/.venv/lib/python3.12/site-packages/speechbrain/utils/fetching.py", line 429, in fetch
    download_file_hf(hf_kwargs, destination, local_strategy)
  File "/home/s0ft44/projects/ASR/.venv/lib/python3.12/site-packages/speechbrain/utils/distributed.py", line 318, in main_proc_wrapped_func
    result = function(*args, **kwargs)
             ^^^^^^^^^^^^^^^^^^^^^^^^^
  File "/home/s0ft44/projects/ASR/.venv/lib/python3.12/site-packages/speechbrain/utils/fetching.py", line 274, in download_file_hf
    fetched_file = huggingface_hub.hf_hub_download(**hf_kwargs)
                   ^^^^^^^^^^^^^^^^^^^^^^^^^^^^^^^^^^^^^^^^^^^^
  File "/home/s0ft44/projects/ASR/.venv/lib/python3.12/site-packages/huggingface_hub/utils/_validators.py", line 88, in _inner_fn
    return fn(*args, **kwargs)
           ^^^^^^^^^^^^^^^^^^^
  File "/home/s0ft44/projects/ASR/.venv/lib/python3.12/site-packages/huggingface_hub/file_download.py", line 997, in hf_hub_download
    return _hf_hub_download_to_cache_dir(
           ^^^^^^^^^^^^^^^^^^^^^^^^^^^^^^
  File "/home/s0ft44/projects/ASR/.venv/lib/python3.12/site-packages/huggingface_hub/file_download.py", line 1072, in _hf_hub_download_to_cache_dir
    (url_to_download, etag, commit_hash, expected_size, xet_file_data, head_call_error) = _get_metadata_or_catch_error(
                                                                                          ^^^^^^^^^^^^^^^^^^^^^^^^^^^^^
  File "/home/s0ft44/projects/ASR/.venv/lib/python3.12/site-packages/huggingface_hub/file_download.py", line 1669, in _get_metadata_or_catch_error
    metadata = get_hf_file_metadata(
               ^^^^^^^^^^^^^^^^^^^^^
  File "/home/s0ft44/projects/ASR/.venv/lib/python3.12/site-packages/huggingface_hub/utils/_validators.py", line 88, in _inner_fn
    return fn(*args, **kwargs)
           ^^^^^^^^^^^^^^^^^^^
  File "/home/s0ft44/projects/ASR/.venv/lib/python3.12/site-packages/huggingface_hub/file_download.py", line 1591, in get_hf_file_metadata
    response = _httpx_follow_relative_redirects_with_backoff(
               ^^^^^^^^^^^^^^^^^^^^^^^^^^^^^^^^^^^^^^^^^^^^^^
  File "/home/s0ft44/projects/ASR/.venv/lib/python3.12/site-packages/huggingface_hub/utils/_http.py", line 692, in _httpx_follow_relative_redirects_with_backoff
    hf_raise_for_status(response)
  File "/home/s0ft44/projects/ASR/.venv/lib/python3.12/site-packages/huggingface_hub/utils/_http.py", line 787, in hf_raise_for_status
    raise entry_err from e
huggingface_hub.errors.RemoteEntryNotFoundError: 404 Client Error. (Request ID: Root=1-69dc150d-30d94e3c082318f11b45d224;a93f744c-b60c-4d3d-a65a-af6177d96b0d)

Entry Not Found for url: https://huggingface.co/Jenthe/ECAPA2/resolve/main/hyperparams.yaml.
